[SQL_LOG:2023-08-06 15:52:59]: SELECT * FROM users WHERE  id = :user_id       [6]
[SQL_LOG:2023-08-06 15:52:59]: SELECT icon_filename FROM users WHERE  id = :user_id       [6]
[SQL_LOG:2023-08-06 15:54:56]: SELECT id, email, password FROM users WHERE  email = :email       [aa@mail.com]
[SQL_LOG:2023-08-06 15:54:56]: SELECT * FROM todos WHERE  user_id = :user_id   ORDER BY id DESC     [5]
[SQL_LOG:2023-08-06 15:54:56]: SELECT icon_filename FROM users WHERE  id = :user_id   ORDER BY id DESC     [5]
[SQL_LOG:2023-08-06 16:04:03]: SELECT * FROM todos WHERE  user_id = :user_id   ORDER BY id DESC     [5]
[SQL_LOG:2023-08-06 16:04:03]: SELECT icon_filename FROM users WHERE  id = :user_id   ORDER BY id DESC     [5]
[SQL_LOG:2023-08-06 16:04:14]: SELECT icon_filename FROM users WHERE  id = :user_id       [5]
[SQL_LOG:2023-08-06 16:08:59]: SELECT * FROM todos WHERE  user_id = :user_id   ORDER BY id DESC     [6]
[SQL_LOG:2023-08-06 16:08:59]: SELECT icon_filename FROM users WHERE  id = :user_id   ORDER BY id DESC     [6]
[SQL_LOG:2023-08-06 16:13:09]: SELECT icon_filename FROM users WHERE  id = :user_id       [5]
[SQL_LOG:2023-08-06 16:13:12]: SELECT * FROM todos WHERE  user_id = :user_id   ORDER BY id DESC     [5]
[SQL_LOG:2023-08-06 16:13:12]: SELECT icon_filename FROM users WHERE  id = :user_id   ORDER BY id DESC     [5]
[SQL_LOG:2023-08-06 16:13:17]: SELECT * FROM todos WHERE  user_id = :user_id   ORDER BY id DESC     [5]
[SQL_LOG:2023-08-06 16:13:17]: SELECT icon_filename FROM users WHERE  id = :user_id   ORDER BY id DESC     [5]
[SQL_LOG:2023-08-06 16:13:19]: SELECT * FROM todos WHERE  user_id = :user_id   ORDER BY id DESC     [5]
[SQL_LOG:2023-08-06 16:13:19]: SELECT icon_filename FROM users WHERE  id = :user_id   ORDER BY id DESC     [5]
[SQL_LOG:2023-08-06 18:52:45]: SELECT todos.*, users.id, users.icon_filename FROM todos       []
[SQL_LOG:2023-08-06 19:07:49]: SELECT * FROM todos WHERE  user_id = :user_id   ORDER BY id DESC     [5]
[SQL_LOG:2023-08-06 19:07:49]: SELECT icon_filename FROM users WHERE  id = :user_id   ORDER BY id DESC     [5]
[SQL_LOG:2023-08-06 19:07:51]: SELECT todos.*, users.id, users.icon_filename FROM todos       []
[SQL_LOG:2023-08-06 19:08:07]: SELECT todos.*, users.id, users.icon_filename FROM todos       []
[SQL_LOG:2023-08-06 19:12:59]: SELECT todos.*, users.id, users.icon_filename FROM todos       INNER JOIN todos on users.id = todos.user_id []
[SQL_LOG:2023-08-06 19:13:03]: SELECT todos.*, users.id, users.icon_filename FROM todos       INNER JOIN todos on users.id = todos.user_id []
[SQL_LOG:2023-08-06 19:16:26]: SELECT todos.*, users.id, users.icon_filename FROM todos       INNER JOIN todos on users.id = todos.user_id []
[SQL_LOG:2023-08-06 19:21:04]: SELECT todos.*, users.id, users.icon_filename FROM todos       INNER JOIN users ON todos.user_id = users.id []
[SQL_LOG:2023-08-06 19:25:24]: SELECT todos.*, users.id, users.icon_filename FROM todos       INNER JOIN users ON todos.user_id = users.id []
[SQL_LOG:2023-08-06 19:25:27]: SELECT todos.*, users.id, users.icon_filename FROM todos       INNER JOIN users ON todos.user_id = users.id []
[SQL_LOG:2023-08-06 19:25:28]: SELECT todos.*, users.id, users.icon_filename FROM todos       INNER JOIN users ON todos.user_id = users.id []
[SQL_LOG:2023-08-06 19:25:28]: SELECT todos.*, users.id, users.icon_filename FROM todos       INNER JOIN users ON todos.user_id = users.id []
[SQL_LOG:2023-08-06 19:25:30]: SELECT todos.*, users.id, users.icon_filename FROM todos       INNER JOIN users ON todos.user_id = users.id []
[SQL_LOG:2023-08-06 19:25:31]: SELECT todos.*, users.id, users.icon_filename FROM todos       INNER JOIN users ON todos.user_id = users.id []
[SQL_LOG:2023-08-06 19:50:21]: SELECT todos.*, users.id, users.icon_filename FROM todos       INNER JOIN users ON todos.user_id = users.id []
[SQL_LOG:2023-08-06 19:50:21]: SELECT * FROM todos   ORDER BY id DESC     INNER JOIN users ON todos.user_id = users.id []
[SQL_LOG:2023-08-06 19:51:43]: SELECT * FROM todos   ORDER BY id DESC     []
[SQL_LOG:2023-08-06 19:52:36]: SELECT * FROM todos   ORDER BY id DESC     []
[SQL_LOG:2023-08-06 19:52:39]: SELECT * FROM todos   ORDER BY id DESC     []
[SQL_LOG:2023-08-06 20:05:55]: SELECT * FROM todos   ORDER BY id DESC     []
[SQL_LOG:2023-08-06 20:06:07]: SELECT * FROM todos   ORDER BY id DESC     []
[SQL_LOG:2023-08-06 20:06:29]: SELECT todos.*, users.id, users.icon_filename FROM todos       INNER JOIN users ON todos.user_id = users.id []
[SQL_LOG:2023-08-06 20:06:29]: SELECT * FROM todos   ORDER BY id DESC     INNER JOIN users ON todos.user_id = users.id []
[SQL_LOG:2023-08-06 20:09:06]: SELECT todos.*, users.id, users.icon_filename FROM todos       INNER JOIN todos on users.id = todos.user_id []
[SQL_LOG:2023-08-06 20:09:53]: SELECT todos.*, users.id, users.icon_filename FROM todos       INNER JOIN users on users.id = todos.user_id []
[SQL_LOG:2023-08-06 20:09:53]: SELECT * FROM todos   ORDER BY id DESC     INNER JOIN users on users.id = todos.user_id []
[SQL_LOG:2023-08-06 20:09:56]: SELECT todos.*, users.id, users.icon_filename FROM todos       INNER JOIN users on users.id = todos.user_id []
[SQL_LOG:2023-08-06 20:09:56]: SELECT * FROM todos   ORDER BY id DESC     INNER JOIN users on users.id = todos.user_id []
[SQL_LOG:2023-08-06 20:10:25]: SELECT todos.*, users.id, users.icon_filename FROM todos       INNER JOIN users on users.id = todos.user_id []
[SQL_LOG:2023-08-06 20:10:25]: SELECT * FROM todos   ORDER BY id DESC     INNER JOIN users on users.id = todos.user_id []
[SQL_LOG:2023-08-06 20:12:36]: SELECT todos.*, users.id, users.icon_filename FROM todos       INNER JOIN users on users.id = todos.user_id []
[SQL_LOG:2023-08-06 20:12:36]: SELECT * FROM todos   ORDER BY id DESC     INNER JOIN users on users.id = todos.user_id []
[SQL_LOG:2023-08-06 20:13:37]: SELECT todos.*, users.id, users.icon_filename FROM todos       INNER JOIN users ON todos.user_id = users.id []
[SQL_LOG:2023-08-06 20:13:37]: SELECT * FROM todos   ORDER BY id DESC     INNER JOIN users ON todos.user_id = users.id []
[SQL_LOG:2023-08-06 20:19:24]: SELECT todos.*, users.id, users.icon_filename FROM todos       []
[SQL_LOG:2023-08-06 20:19:27]: SELECT todos.*, users.id, users.icon_filename FROM todos       []
[SQL_LOG:2023-08-06 20:22:09]: SELECT todos.*, users.id, users.icon_filename FROM todos       []
[SQL_LOG:2023-08-06 20:23:02]: SELECT todos.*, users.id, users.icon_filename FROM todos       INNER JOIN users ON todos.user_id = users.id []
[SQL_LOG:2023-08-06 20:23:02]: SELECT * FROM todos   ORDER BY id DESC     INNER JOIN users ON todos.user_id = users.id []
[SQL_LOG:2023-08-06 20:23:31]: SELECT todos.*, users.id, users.icon_filename FROM todos       INNER JOIN users ON todos.user_id = users.id []
[SQL_LOG:2023-08-06 20:24:28]: SELECT todos.*, users.id, users.icon_filename FROM todos       []
[SQL_LOG:2023-08-06 20:24:38]: SELECT todos.*, users.id, users.icon_filename FROM todos       INNER JOIN users ON todos.user_id = users.id []
[SQL_LOG:2023-08-07 09:40:54]: SELECT id, email, password FROM users WHERE  email = :email       [aa@mail.com]
[SQL_LOG:2023-08-07 09:40:54]: SELECT * FROM todos WHERE  user_id = :user_id   ORDER BY id DESC     [5]
[SQL_LOG:2023-08-07 09:40:54]: SELECT icon_filename FROM users WHERE  id = :user_id   ORDER BY id DESC     [5]
[SQL_LOG:2023-08-07 09:41:05]: SELECT todos.*, users.id, users.icon_filename FROM todos       INNER JOIN users ON todos.user_id = users.id []
[SQL_LOG:2023-08-07 09:45:42]: SELECT todos.*, users.id, users.icon_filename FROM todos       INNER JOIN users ON todos.user_id = users.id []
[SQL_LOG:2023-08-07 09:45:44]: SELECT todos.*, users.id, users.icon_filename FROM todos       INNER JOIN users ON todos.user_id = users.id []
[SQL_LOG:2023-08-07 09:45:45]: SELECT * FROM todos WHERE  user_id = :user_id   ORDER BY id DESC     [5]
[SQL_LOG:2023-08-07 09:45:45]: SELECT icon_filename FROM users WHERE  id = :user_id   ORDER BY id DESC     [5]
[SQL_LOG:2023-08-07 09:45:48]: SELECT todos.*, users.id, users.icon_filename FROM todos       INNER JOIN users ON todos.user_id = users.id []
[SQL_LOG:2023-08-07 09:47:10]: SELECT todos.*, users.id, users.icon_filename FROM todos       INNER JOIN users ON todos.user_id = users.id []
[SQL_LOG:2023-08-07 09:55:25]: SELECT * FROM todos WHERE  user_id = :user_id   ORDER BY id DESC     [5]
[SQL_LOG:2023-08-07 09:55:25]: SELECT icon_filename FROM users WHERE  id = :user_id   ORDER BY id DESC     [5]
[SQL_LOG:2023-08-07 09:55:28]: SELECT todos.*, users.id, users.icon_filename FROM todos       INNER JOIN users ON todos.user_id = users.id []
[SQL_LOG:2023-08-07 09:55:28]: SELECT icon_filename FROM users WHERE  id = :user_id       INNER JOIN users ON todos.user_id = users.id [5]
[SQL_LOG:2023-08-07 09:57:05]: SELECT todos.*, users.id, users.icon_filename FROM todos       INNER JOIN users ON todos.user_id = users.id []
[SQL_LOG:2023-08-07 09:57:05]: SELECT icon_filename FROM users WHERE  id = :user_id       INNER JOIN users ON todos.user_id = users.id [5]
[SQL_LOG:2023-08-07 09:57:21]: SELECT todos.*, users.id, users.icon_filename FROM todos       INNER JOIN users ON todos.user_id = users.id []
[SQL_LOG:2023-08-07 09:59:47]: SELECT todos.*, users.id, users.icon_filename FROM todos       INNER JOIN users ON todos.user_id = users.id []
[SQL_LOG:2023-08-07 09:59:47]: SELECT icon_filename FROM users WHERE  id = :user_id       INNER JOIN users ON todos.user_id = users.id []
[SQL_LOG:2023-08-07 10:07:48]: SELECT todos.*, users.id, users.icon_filename FROM todos       INNER JOIN users ON todos.user_id = users.id []
[SQL_LOG:2023-08-07 10:07:48]: SELECT icon_filename FROM users WHERE  id = :user_id       INNER JOIN users ON todos.user_id = users.id []
[SQL_LOG:2023-08-07 10:13:02]: SELECT * FROM todos WHERE  user_id = :user_id   ORDER BY id DESC     [5]
[SQL_LOG:2023-08-07 10:13:02]: SELECT icon_filename FROM users WHERE  id = :user_id   ORDER BY id DESC     [5]
[SQL_LOG:2023-08-07 10:13:06]: SELECT todos.*, users.id, users.icon_filename FROM todos       INNER JOIN users ON todos.user_id = users.id []
[SQL_LOG:2023-08-07 10:13:06]: SELECT icon_filename FROM users WHERE  id = :user_id       INNER JOIN users ON todos.user_id = users.id []
[SQL_LOG:2023-08-07 10:13:33]: SELECT todos.*, users.id, users.icon_filename FROM todos       INNER JOIN users ON todos.user_id = users.id []
[SQL_LOG:2023-08-07 10:13:33]: SELECT icon_filename FROM users WHERE  id = :user_id       INNER JOIN users ON todos.user_id = users.id []
[SQL_LOG:2023-08-07 10:15:00]: SELECT todos.*, users.id, users.icon_filename FROM todos       INNER JOIN users ON todos.user_id = users.id []
[SQL_LOG:2023-08-07 10:15:00]: SELECT icon_filename FROM users WHERE  id = :user_id       INNER JOIN users ON todos.user_id = users.id []
[SQL_LOG:2023-08-07 10:15:21]: SELECT * FROM todos WHERE  user_id = :user_id   ORDER BY id DESC     [5]
[SQL_LOG:2023-08-07 10:15:21]: SELECT icon_filename FROM users WHERE  id = :user_id   ORDER BY id DESC     [5]
[SQL_LOG:2023-08-07 10:15:23]: SELECT icon_filename FROM users WHERE  id = :user_id       []
[SQL_LOG:2023-08-07 10:15:23]: SELECT todos.*, users.id, users.icon_filename FROM todos       INNER JOIN users ON todos.user_id = users.id []
[SQL_LOG:2023-08-07 10:15:47]: SELECT icon_filename FROM users WHERE  id = :user_id       [5]
[SQL_LOG:2023-08-07 10:15:47]: SELECT todos.*, users.id, users.icon_filename FROM todos       INNER JOIN users ON todos.user_id = users.id []
[SQL_LOG:2023-08-07 10:16:15]: SELECT icon_filename FROM users WHERE  id = :user_id       [5]
[SQL_LOG:2023-08-07 10:16:15]: SELECT todos.*, users.id, users.icon_filename FROM todos       INNER JOIN users ON todos.user_id = users.id []
[SQL_LOG:2023-08-07 10:16:16]: SELECT icon_filename FROM users WHERE  id = :user_id       [5]
[SQL_LOG:2023-08-07 10:16:16]: SELECT todos.*, users.id, users.icon_filename FROM todos       INNER JOIN users ON todos.user_id = users.id []
[SQL_LOG:2023-08-07 10:17:46]: SELECT icon_filename FROM users WHERE  id = :user_id       [5]
[SQL_LOG:2023-08-07 10:17:46]: SELECT todos.*, users.id, users.icon_filename FROM todos       INNER JOIN users ON todos.user_id = users.id []
[SQL_LOG:2023-08-07 10:18:34]: SELECT icon_filename FROM users WHERE  id = :user_id       [5]
[SQL_LOG:2023-08-07 10:18:34]: SELECT todos.*, users.id, users.icon_filename FROM todos       INNER JOIN users ON todos.user_id = users.id []
[SQL_LOG:2023-08-07 10:19:29]: SELECT icon_filename FROM users WHERE  id = :user_id       [5]
[SQL_LOG:2023-08-07 10:19:29]: SELECT todos.*, users.id, users.icon_filename FROM todos       INNER JOIN users ON todos.user_id = users.id []
[SQL_LOG:2023-08-07 10:22:46]: SELECT * FROM todos WHERE  user_id = :user_id   ORDER BY id DESC     [5]
[SQL_LOG:2023-08-07 10:22:46]: SELECT icon_filename FROM users WHERE  id = :user_id   ORDER BY id DESC     [5]
[SQL_LOG:2023-08-07 10:29:54]: SELECT todos.*, users.id, users.icon_filename FROM todos       INNER JOIN users ON todos.user_id = users.id []
[SQL_LOG:2023-08-07 10:30:24]: SELECT todos.*, users.id, users.icon_filename FROM todos       INNER JOIN users ON todos.user_id = users.id []
[SQL_LOG:2023-08-07 10:33:08]: SELECT todos.*, users.id, users.icon_filename FROM todos       INNER JOIN users ON todos.user_id = users.id []
[SQL_LOG:2023-08-07 10:33:53]: SELECT todos.*, users.id, users.icon_filename FROM todos       INNER JOIN users ON todos.user_id = users.id []
[SQL_LOG:2023-08-07 10:48:29]: SELECT todos.*, users.id, users.icon_filename FROM todos       INNER JOIN users ON todos.user_id = users.id []
[SQL_LOG:2023-08-07 10:48:54]: SELECT todos.*, users.id, users.icon_filename FROM todos       INNER JOIN users ON todos.user_id = users.id []
[SQL_LOG:2023-08-07 10:49:15]: SELECT todos.*, users.id, users.icon_filename FROM todos       INNER JOIN users ON todos.user_id = users.id []
[SQL_LOG:2023-08-07 10:49:59]: SELECT todos.*, users.id, users.icon_filename FROM todos       INNER JOIN users ON todos.user_id = users.id []
[SQL_LOG:2023-08-07 10:50:27]: SELECT todos.*, users.id, users.icon_filename FROM todos       INNER JOIN users ON todos.user_id = users.id []
[SQL_LOG:2023-08-07 10:51:09]: SELECT todos.*, users.id, users.icon_filename FROM todos       INNER JOIN users ON todos.user_id = users.id []
[SQL_LOG:2023-08-07 10:53:07]: SELECT icon_filename FROM users WHERE  id = :user_id       [5]
[SQL_LOG:2023-08-07 10:53:07]: SELECT todos.*, users.id, users.icon_filename FROM todos       INNER JOIN users ON todos.user_id = users.id []
[SQL_LOG:2023-08-07 10:53:33]: SELECT * FROM todos WHERE  user_id = :user_id   ORDER BY id DESC     [5]
[SQL_LOG:2023-08-07 10:53:33]: SELECT icon_filename FROM users WHERE  id = :user_id   ORDER BY id DESC     [5]
[SQL_LOG:2023-08-07 10:55:24]: SELECT icon_filename FROM users WHERE  id = :user_id       [5]
[SQL_LOG:2023-08-07 10:55:24]: SELECT todos.*, users.id, users.icon_filename FROM todos       INNER JOIN users ON todos.user_id = users.id []
[SQL_LOG:2023-08-07 10:56:55]: SELECT icon_filename FROM users WHERE  id = :user_id       [5]
[SQL_LOG:2023-08-07 10:56:55]: SELECT todos.*, users.id, users.icon_filename FROM todos       INNER JOIN users ON todos.user_id = users.id []
[SQL_LOG:2023-08-07 11:41:24]: SELECT icon_filename FROM users WHERE  id = :user_id       [5]
[SQL_LOG:2023-08-07 11:41:24]: SELECT todos.*, users.id, users.icon_filename FROM todos       INNER JOIN users ON todos.user_id = users.id []
[SQL_LOG:2023-08-07 11:42:33]: SELECT icon_filename FROM users WHERE  id = :user_id       [5]
[SQL_LOG:2023-08-07 11:42:33]: SELECT todos.*, users.id, users.icon_filename FROM todos       INNER JOIN users ON todos.user_id = users.id []
[SQL_LOG:2023-08-07 11:43:01]: SELECT icon_filename FROM users WHERE  id = :user_id       [5]
[SQL_LOG:2023-08-07 11:43:01]: SELECT todos.*, users.id, users.icon_filename FROM todos       INNER JOIN users ON todos.user_id = users.id []
[SQL_LOG:2023-08-07 11:44:05]: SELECT icon_filename FROM users WHERE  id = :user_id       [5]
[SQL_LOG:2023-08-07 11:44:05]: SELECT todos.*, users.id, users.icon_filename FROM todos       INNER JOIN users ON todos.user_id = users.id []
[SQL_LOG:2023-08-07 11:46:50]: SELECT icon_filename FROM users WHERE  id = :user_id       [5]
[SQL_LOG:2023-08-07 11:46:50]: SELECT todos.*, users.id, users.icon_filename FROM todos       INNER JOIN users ON todos.user_id = users.id []
[SQL_LOG:2023-08-07 11:53:02]: SELECT icon_filename FROM users WHERE  id = :user_id       [5]
[SQL_LOG:2023-08-07 11:53:02]: SELECT todos.*, users.id, users.icon_filename FROM todos       INNER JOIN users ON todos.user_id = users.id []
[SQL_LOG:2023-08-07 11:54:08]: SELECT icon_filename FROM users WHERE  id = :user_id       [5]
[SQL_LOG:2023-08-07 11:54:08]: SELECT todos.*, users.id, users.icon_filename FROM todos       INNER JOIN users ON todos.user_id = users.id []
[SQL_LOG:2023-08-07 11:55:17]: SELECT icon_filename FROM users WHERE  id = :user_id       [5]
[SQL_LOG:2023-08-07 11:55:17]: SELECT todos.*, users.id, users.icon_filename FROM todos       INNER JOIN users ON todos.user_id = users.id []
[SQL_LOG:2023-08-07 11:55:24]: SELECT * FROM todos WHERE  user_id = :user_id   ORDER BY id DESC     [5]
[SQL_LOG:2023-08-07 11:55:24]: SELECT icon_filename FROM users WHERE  id = :user_id   ORDER BY id DESC     [5]
[SQL_LOG:2023-08-07 11:55:48]: SELECT * FROM todos WHERE  user_id = :user_id   ORDER BY id DESC     [5]
[SQL_LOG:2023-08-07 11:55:48]: SELECT icon_filename FROM users WHERE  id = :user_id   ORDER BY id DESC     [5]
[SQL_LOG:2023-08-07 11:55:50]: SELECT icon_filename FROM users WHERE  id = :user_id       [5]
[SQL_LOG:2023-08-07 11:55:50]: SELECT todos.*, users.id, users.icon_filename FROM todos       INNER JOIN users ON todos.user_id = users.id []
[SQL_LOG:2023-08-07 11:56:09]: SELECT icon_filename FROM users WHERE  id = :user_id       [5]
[SQL_LOG:2023-08-07 11:56:09]: SELECT todos.*, users.id, users.icon_filename FROM todos       INNER JOIN users ON todos.user_id = users.id []
[SQL_LOG:2023-08-07 11:56:10]: SELECT * FROM todos WHERE  user_id = :user_id   ORDER BY id DESC     [5]
[SQL_LOG:2023-08-07 11:56:11]: SELECT icon_filename FROM users WHERE  id = :user_id   ORDER BY id DESC     [5]
[SQL_LOG:2023-08-07 11:56:13]: SELECT icon_filename FROM users WHERE  id = :user_id       [5]
[SQL_LOG:2023-08-07 11:56:13]: SELECT todos.*, users.id, users.icon_filename FROM todos       INNER JOIN users ON todos.user_id = users.id []
[SQL_LOG:2023-08-07 12:20:26]: SELECT icon_filename FROM users WHERE  id = :user_id       [5]
[SQL_LOG:2023-08-07 12:20:26]: SELECT todos.*, users.id, users.icon_filename FROM todos       INNER JOIN users ON todos.user_id = users.id []
[SQL_LOG:2023-08-07 12:20:29]: SELECT * FROM todos WHERE  user_id = :user_id   ORDER BY id DESC     [5]
[SQL_LOG:2023-08-07 12:20:30]: SELECT icon_filename FROM users WHERE  id = :user_id   ORDER BY id DESC     [5]
[SQL_LOG:2023-08-07 12:20:33]: SELECT * FROM users WHERE  id = :user_id       [5]
[SQL_LOG:2023-08-07 12:20:33]: SELECT icon_filename FROM users WHERE  id = :user_id       [5]
[SQL_LOG:2023-08-07 12:21:01]: SELECT * FROM todos WHERE  user_id = :user_id   ORDER BY id DESC     [5]
[SQL_LOG:2023-08-07 12:21:01]: SELECT icon_filename FROM users WHERE  id = :user_id   ORDER BY id DESC     [5]
[SQL_LOG:2023-08-07 12:21:06]: SELECT icon_filename FROM users WHERE  id = :user_id       [5]
[SQL_LOG:2023-08-07 12:21:06]: SELECT todos.*, users.id, users.icon_filename FROM todos       INNER JOIN users ON todos.user_id = users.id []
[SQL_LOG:2023-08-07 12:21:12]: SELECT * FROM todos WHERE  user_id = :user_id   ORDER BY id DESC     [5]
[SQL_LOG:2023-08-07 12:21:12]: SELECT icon_filename FROM users WHERE  id = :user_id   ORDER BY id DESC     [5]
[SQL_LOG:2023-08-07 12:22:30]: SELECT * FROM users WHERE  id = :user_id       [5]
[SQL_LOG:2023-08-07 12:22:30]: SELECT icon_filename FROM users WHERE  id = :user_id       [5]
[SQL_LOG:2023-08-07 12:22:40]: SELECT * FROM users WHERE  id = :user_id       [5]
[SQL_LOG:2023-08-07 12:22:40]: SELECT icon_filename FROM users WHERE  id = :user_id       [5]
[SQL_LOG:2023-08-07 12:22:40]: SELECT * FROM users WHERE  id = :user_id       [5]
[SQL_LOG:2023-08-07 12:22:40]: SELECT icon_filename FROM users WHERE  id = :user_id       [5]
[SQL_LOG:2023-08-07 12:22:43]: SELECT icon_filename FROM users WHERE  id = :user_id       [5]
[SQL_LOG:2023-08-07 12:22:43]: SELECT todos.*, users.id, users.icon_filename FROM todos       INNER JOIN users ON todos.user_id = users.id []
[SQL_LOG:2023-08-07 12:23:02]: SELECT * FROM todos WHERE  user_id = :user_id   ORDER BY id DESC     [5]
[SQL_LOG:2023-08-07 12:23:02]: SELECT icon_filename FROM users WHERE  id = :user_id   ORDER BY id DESC     [5]
[SQL_LOG:2023-08-07 12:23:10]: SELECT icon_filename FROM users WHERE  id = :user_id       [5]
[SQL_LOG:2023-08-07 12:23:10]: SELECT todos.*, users.id, users.icon_filename FROM todos       INNER JOIN users ON todos.user_id = users.id []
[SQL_LOG:2023-08-07 12:23:33]: SELECT icon_filename FROM users WHERE  id = :user_id       [5]
[SQL_LOG:2023-08-07 12:23:33]: SELECT todos.*, users.id, users.icon_filename FROM todos       INNER JOIN users ON todos.user_id = users.id []
[SQL_LOG:2023-08-07 12:23:36]: SELECT * FROM todos WHERE  user_id = :user_id   ORDER BY id DESC     [5]
[SQL_LOG:2023-08-07 12:23:37]: SELECT icon_filename FROM users WHERE  id = :user_id   ORDER BY id DESC     [5]
[SQL_LOG:2023-08-07 12:25:18]: SELECT COUNT(*) AS NUM  FROM users WHERE  email = :email       [b@mail.com]
[SQL_LOG:2023-08-07 12:25:18]: INSERT INTO users(email, password) VALUES (:email, :password)       []
[SQL_LOG:2023-08-07 12:25:19]: SELECT * FROM todos WHERE  user_id = :user_id   ORDER BY id DESC     [7]
[SQL_LOG:2023-08-07 12:25:19]: SELECT icon_filename FROM users WHERE  id = :user_id   ORDER BY id DESC     [7]
[SQL_LOG:2023-08-07 12:25:23]: SELECT icon_filename FROM users WHERE  id = :user_id       [7]
[SQL_LOG:2023-08-07 12:25:36]: INSERT INTO  todos (title, content, user_id) VALUES (:title, :content, :user_id)       []
[SQL_LOG:2023-08-07 12:25:36]: SELECT icon_filename FROM users WHERE  id = :user_id       [7]
[SQL_LOG:2023-08-07 12:25:37]: SELECT * FROM todos WHERE  user_id = :user_id   ORDER BY id DESC     [7]
[SQL_LOG:2023-08-07 12:25:37]: SELECT icon_filename FROM users WHERE  id = :user_id   ORDER BY id DESC     [7]
[SQL_LOG:2023-08-07 12:25:41]: SELECT * FROM users WHERE  id = :user_id       [7]
[SQL_LOG:2023-08-07 12:25:41]: SELECT icon_filename FROM users WHERE  id = :user_id       [7]
[SQL_LOG:2023-08-07 12:26:01]: SELECT * FROM users WHERE  id = :user_id       [7]
[SQL_LOG:2023-08-07 12:26:01]: SELECT icon_filename FROM users WHERE  id = :user_id       [7]
[SQL_LOG:2023-08-07 12:26:01]: SELECT * FROM users WHERE  id = :user_id       [7]
[SQL_LOG:2023-08-07 12:26:01]: SELECT icon_filename FROM users WHERE  id = :user_id       [7]
[SQL_LOG:2023-08-07 12:26:05]: SELECT icon_filename FROM users WHERE  id = :user_id       [7]
[SQL_LOG:2023-08-07 12:26:05]: SELECT todos.*, users.id, users.icon_filename FROM todos       INNER JOIN users ON todos.user_id = users.id []
[SQL_LOG:2023-08-07 12:26:16]: SELECT * FROM todos WHERE  user_id = :user_id   ORDER BY id DESC     [7]
[SQL_LOG:2023-08-07 12:26:16]: SELECT icon_filename FROM users WHERE  id = :user_id   ORDER BY id DESC     [7]
[SQL_LOG:2023-08-07 12:26:19]: SELECT * FROM todos WHERE  user_id = :user_id   ORDER BY id DESC     [7]
[SQL_LOG:2023-08-07 12:26:19]: SELECT icon_filename FROM users WHERE  id = :user_id   ORDER BY id DESC     [7]
[SQL_LOG:2023-08-07 12:26:20]: SELECT * FROM todos WHERE  user_id = :user_id   ORDER BY id DESC     [7]
[SQL_LOG:2023-08-07 12:26:20]: SELECT icon_filename FROM users WHERE  id = :user_id   ORDER BY id DESC     [7]
[SQL_LOG:2023-08-07 12:26:21]: SELECT icon_filename FROM users WHERE  id = :user_id       [7]
[SQL_LOG:2023-08-07 12:26:21]: SELECT todos.*, users.id, users.icon_filename FROM todos       INNER JOIN users ON todos.user_id = users.id []
[SQL_LOG:2023-08-07 14:01:32]: SELECT id, email, password FROM users WHERE  email = :email       [aa@mail.com]
[SQL_LOG:2023-08-07 14:01:32]: SELECT * FROM todos WHERE  user_id = :user_id   ORDER BY id DESC     [5]
[SQL_LOG:2023-08-07 14:01:32]: SELECT icon_filename FROM users WHERE  id = :user_id   ORDER BY id DESC     [5]
[SQL_LOG:2023-08-07 14:01:42]: SELECT COUNT(*) AS NUM  FROM todos WHERE  id = :id       [37]
[SQL_LOG:2023-08-07 14:01:42]: SELECT * FROM todos WHERE  id = :id       [37]
[SQL_LOG:2023-08-07 14:01:42]: SELECT icon_filename FROM users WHERE  id = :user_id       [5]
[SQL_LOG:2023-08-07 14:02:05]: SELECT * FROM todos WHERE  user_id = :user_id   ORDER BY id DESC     [5]
[SQL_LOG:2023-08-07 14:02:05]: SELECT icon_filename FROM users WHERE  id = :user_id   ORDER BY id DESC     [5]
[SQL_LOG:2023-08-07 14:02:12]: SELECT COUNT(*) AS NUM  FROM todos WHERE  id = :id       [34]
[SQL_LOG:2023-08-07 14:02:12]: SELECT * FROM todos WHERE  id = :id       [34]
[SQL_LOG:2023-08-07 14:02:12]: SELECT icon_filename FROM users WHERE  id = :user_id       [5]
[SQL_LOG:2023-08-07 14:02:38]: SELECT * FROM todos WHERE  user_id = :user_id   ORDER BY id DESC     [5]
[SQL_LOG:2023-08-07 14:02:38]: SELECT icon_filename FROM users WHERE  id = :user_id   ORDER BY id DESC     [5]
[SQL_LOG:2023-08-07 14:02:44]: SELECT icon_filename FROM users WHERE  id = :user_id       [5]
[SQL_LOG:2023-08-07 14:08:04]: SELECT icon_filename FROM users WHERE  id = :user_id       [5]
[SQL_LOG:2023-08-07 14:09:39]: SELECT icon_filename FROM users WHERE  id = :user_id       [5]
[SQL_LOG:2023-08-07 14:10:19]: INSERT INTO  todos (title, content, user_id) VALUES (:title, :content, :user_id)       []
[SQL_LOG:2023-08-07 14:10:19]: SELECT icon_filename FROM users WHERE  id = :user_id       [5]
[SQL_LOG:2023-08-07 14:10:19]: SELECT * FROM todos WHERE  user_id = :user_id   ORDER BY id DESC     [5]
[SQL_LOG:2023-08-07 14:10:19]: SELECT icon_filename FROM users WHERE  id = :user_id   ORDER BY id DESC     [5]
[SQL_LOG:2023-08-07 14:10:57]: SELECT * FROM todos WHERE  user_id = :user_id   ORDER BY id DESC     [5]
[SQL_LOG:2023-08-07 14:10:57]: SELECT icon_filename FROM users WHERE  id = :user_id   ORDER BY id DESC     [5]
[SQL_LOG:2023-08-07 14:10:57]: SELECT * FROM todos WHERE  user_id = :user_id   ORDER BY id DESC     [5]
[SQL_LOG:2023-08-07 14:10:57]: SELECT icon_filename FROM users WHERE  id = :user_id   ORDER BY id DESC     [5]
[SQL_LOG:2023-08-07 14:11:10]: SELECT COUNT(*) AS NUM  FROM todos WHERE  id = :id       [37]
[SQL_LOG:2023-08-07 14:11:10]: SELECT * FROM todos WHERE  id = :id       [37]
[SQL_LOG:2023-08-07 14:11:10]: SELECT icon_filename FROM users WHERE  id = :user_id       [5]
[SQL_LOG:2023-08-07 14:11:27]: SELECT * FROM todos WHERE  user_id = :user_id   ORDER BY id DESC     [5]
[SQL_LOG:2023-08-07 14:11:27]: SELECT icon_filename FROM users WHERE  id = :user_id   ORDER BY id DESC     [5]
[SQL_LOG:2023-08-07 14:12:23]: SELECT * FROM todos WHERE  user_id = :user_id   ORDER BY id DESC     [5]
[SQL_LOG:2023-08-07 14:12:23]: SELECT icon_filename FROM users WHERE  id = :user_id   ORDER BY id DESC     [5]
[SQL_LOG:2023-08-07 14:12:23]: SELECT * FROM todos WHERE  user_id = :user_id   ORDER BY id DESC     [5]
[SQL_LOG:2023-08-07 14:12:23]: SELECT icon_filename FROM users WHERE  id = :user_id   ORDER BY id DESC     [5]
[SQL_LOG:2023-08-07 14:12:46]: SELECT icon_filename FROM users WHERE  id = :user_id       [5]
[SQL_LOG:2023-08-07 14:13:01]: SELECT * FROM users WHERE  id = :user_id       [5]
[SQL_LOG:2023-08-07 14:13:01]: SELECT icon_filename FROM users WHERE  id = :user_id       [5]
[SQL_LOG:2023-08-07 14:14:14]: SELECT * FROM users WHERE  id = :user_id       [5]
[SQL_LOG:2023-08-07 14:14:14]: SELECT icon_filename FROM users WHERE  id = :user_id       [5]
[SQL_LOG:2023-08-07 14:14:20]: SELECT * FROM todos WHERE  user_id = :user_id   ORDER BY id DESC     [5]
[SQL_LOG:2023-08-07 14:14:20]: SELECT icon_filename FROM users WHERE  id = :user_id   ORDER BY id DESC     [5]
[SQL_LOG:2023-08-07 14:17:03]: SELECT icon_filename FROM users WHERE  id = :user_id       [5]
[SQL_LOG:2023-08-07 14:17:31]: INSERT INTO  todos (title, content, user_id) VALUES (:title, :content, :user_id)       []
[SQL_LOG:2023-08-07 14:17:31]: SELECT icon_filename FROM users WHERE  id = :user_id       [5]
[SQL_LOG:2023-08-07 14:17:31]: SELECT * FROM todos WHERE  user_id = :user_id   ORDER BY id DESC     [5]
[SQL_LOG:2023-08-07 14:17:32]: SELECT icon_filename FROM users WHERE  id = :user_id   ORDER BY id DESC     [5]
[SQL_LOG:2023-08-07 14:18:19]: SELECT icon_filename FROM users WHERE  id = :user_id       [5]
[SQL_LOG:2023-08-07 14:18:19]: SELECT todos.*, users.id, users.icon_filename FROM todos       INNER JOIN users ON todos.user_id = users.id []
[SQL_LOG:2023-08-07 14:19:59]: SELECT * FROM users WHERE  id = :user_id       [5]
[SQL_LOG:2023-08-07 14:19:59]: SELECT icon_filename FROM users WHERE  id = :user_id       [5]
[SQL_LOG:2023-08-07 14:20:23]: SELECT * FROM todos WHERE  user_id = :user_id   ORDER BY id DESC     [5]
[SQL_LOG:2023-08-07 14:20:23]: SELECT icon_filename FROM users WHERE  id = :user_id   ORDER BY id DESC     [5]
[SQL_LOG:2023-08-07 14:20:32]: SELECT id, email, password FROM users WHERE  email = :email       [b@mail.com]
[SQL_LOG:2023-08-07 14:20:32]: SELECT * FROM todos WHERE  user_id = :user_id   ORDER BY id DESC     [7]
[SQL_LOG:2023-08-07 14:20:32]: SELECT icon_filename FROM users WHERE  id = :user_id   ORDER BY id DESC     [7]
[SQL_LOG:2023-08-07 14:20:37]: SELECT icon_filename FROM users WHERE  id = :user_id       [7]
[SQL_LOG:2023-08-07 14:21:28]: INSERT INTO  todos (title, content, user_id) VALUES (:title, :content, :user_id)       []
[SQL_LOG:2023-08-07 14:21:28]: SELECT icon_filename FROM users WHERE  id = :user_id       [7]
[SQL_LOG:2023-08-07 14:21:28]: SELECT * FROM todos WHERE  user_id = :user_id   ORDER BY id DESC     [7]
[SQL_LOG:2023-08-07 14:21:28]: SELECT icon_filename FROM users WHERE  id = :user_id   ORDER BY id DESC     [7]
[SQL_LOG:2023-08-07 14:21:32]: SELECT * FROM todos WHERE  user_id = :user_id   ORDER BY id DESC     [7]
[SQL_LOG:2023-08-07 14:21:32]: SELECT icon_filename FROM users WHERE  id = :user_id   ORDER BY id DESC     [7]
[SQL_LOG:2023-08-07 14:21:32]: SELECT * FROM todos WHERE  user_id = :user_id   ORDER BY id DESC     [7]
[SQL_LOG:2023-08-07 14:21:32]: SELECT icon_filename FROM users WHERE  id = :user_id   ORDER BY id DESC     [7]
[SQL_LOG:2023-08-07 14:21:37]: SELECT * FROM todos WHERE  user_id = :user_id   ORDER BY id DESC     [7]
[SQL_LOG:2023-08-07 14:21:37]: SELECT icon_filename FROM users WHERE  id = :user_id   ORDER BY id DESC     [7]
[SQL_LOG:2023-08-07 14:21:37]: SELECT * FROM todos WHERE  user_id = :user_id   ORDER BY id DESC     [7]
[SQL_LOG:2023-08-07 14:21:37]: SELECT icon_filename FROM users WHERE  id = :user_id   ORDER BY id DESC     [7]
[SQL_LOG:2023-08-07 14:21:40]: SELECT icon_filename FROM users WHERE  id = :user_id       [7]
[SQL_LOG:2023-08-07 14:22:03]: SELECT * FROM todos WHERE  user_id = :user_id   ORDER BY id DESC     [7]
[SQL_LOG:2023-08-07 14:22:03]: SELECT icon_filename FROM users WHERE  id = :user_id   ORDER BY id DESC     [7]
[SQL_LOG:2023-08-07 14:22:06]: SELECT COUNT(*) AS NUM  FROM todos WHERE  id = :id       [42]
[SQL_LOG:2023-08-07 14:22:06]: SELECT * FROM todos WHERE  id = :id       [42]
[SQL_LOG:2023-08-07 14:22:06]: SELECT icon_filename FROM users WHERE  id = :user_id       [7]
[SQL_LOG:2023-08-07 14:22:35]: SELECT * FROM todos WHERE  user_id = :user_id   ORDER BY id DESC     [7]
[SQL_LOG:2023-08-07 14:22:35]: SELECT icon_filename FROM users WHERE  id = :user_id   ORDER BY id DESC     [7]
[SQL_LOG:2023-08-07 14:22:38]: SELECT icon_filename FROM users WHERE  id = :user_id       [7]
[SQL_LOG:2023-08-07 14:23:43]: INSERT INTO  todos (title, content, user_id) VALUES (:title, :content, :user_id)       []
[SQL_LOG:2023-08-07 14:23:44]: SELECT icon_filename FROM users WHERE  id = :user_id       [7]
[SQL_LOG:2023-08-07 14:23:44]: SELECT * FROM todos WHERE  user_id = :user_id   ORDER BY id DESC     [7]
[SQL_LOG:2023-08-07 14:23:44]: SELECT icon_filename FROM users WHERE  id = :user_id   ORDER BY id DESC     [7]
[SQL_LOG:2023-08-07 14:23:53]: SELECT icon_filename FROM users WHERE  id = :user_id       [7]
[SQL_LOG:2023-08-07 14:23:53]: SELECT todos.*, users.id, users.icon_filename FROM todos       INNER JOIN users ON todos.user_id = users.id []
[SQL_LOG:2023-08-07 14:24:09]: SELECT * FROM todos WHERE  user_id = :user_id   ORDER BY id DESC     [7]
[SQL_LOG:2023-08-07 14:24:09]: SELECT icon_filename FROM users WHERE  id = :user_id   ORDER BY id DESC     [7]
[SQL_LOG:2023-08-07 14:24:18]: SELECT id, email, password FROM users WHERE  email = :email       [aa@mail.com]
[SQL_LOG:2023-08-07 14:24:19]: SELECT * FROM todos WHERE  user_id = :user_id   ORDER BY id DESC     [5]
[SQL_LOG:2023-08-07 14:24:19]: SELECT icon_filename FROM users WHERE  id = :user_id   ORDER BY id DESC     [5]
[SQL_LOG:2023-08-07 14:24:25]: SELECT COUNT(*) AS NUM  FROM todos WHERE  id = :id       [37]
[SQL_LOG:2023-08-07 14:24:25]: SELECT * FROM todos WHERE  id = :id       [37]
[SQL_LOG:2023-08-07 14:24:25]: SELECT icon_filename FROM users WHERE  id = :user_id       [5]
[SQL_LOG:2023-08-07 14:24:38]: SELECT * FROM todos WHERE  user_id = :user_id   ORDER BY id DESC     [5]
[SQL_LOG:2023-08-07 14:24:38]: SELECT icon_filename FROM users WHERE  id = :user_id   ORDER BY id DESC     [5]
[SQL_LOG:2023-08-07 14:24:45]: SELECT icon_filename FROM users WHERE  id = :user_id       [5]
[SQL_LOG:2023-08-07 14:24:45]: SELECT todos.*, users.id, users.icon_filename FROM todos       INNER JOIN users ON todos.user_id = users.id []
[SQL_LOG:2023-08-07 14:25:56]: SELECT * FROM todos WHERE  user_id = :user_id   ORDER BY id DESC     [5]
[SQL_LOG:2023-08-07 14:25:56]: SELECT icon_filename FROM users WHERE  id = :user_id   ORDER BY id DESC     [5]
[SQL_LOG:2023-08-07 14:26:26]: SELECT * FROM users WHERE  id = :user_id       [5]
[SQL_LOG:2023-08-07 14:26:26]: SELECT icon_filename FROM users WHERE  id = :user_id       [5]
[SQL_LOG:2023-08-07 14:28:33]: SELECT * FROM todos WHERE  user_id = :user_id   ORDER BY id DESC     [5]
[SQL_LOG:2023-08-07 14:28:33]: SELECT icon_filename FROM users WHERE  id = :user_id   ORDER BY id DESC     [5]
[SQL_LOG:2023-08-07 14:32:46]: SELECT icon_filename FROM users WHERE  id = :user_id       [5]
[SQL_LOG:2023-08-07 14:32:46]: SELECT todos.*, users.id, users.icon_filename FROM todos       INNER JOIN users ON todos.user_id = users.id []
[SQL_LOG:2023-08-07 14:35:38]: SELECT * FROM users WHERE  id = :user_id       [5]
[SQL_LOG:2023-08-07 14:35:38]: SELECT icon_filename FROM users WHERE  id = :user_id       [5]
[SQL_LOG:2023-08-07 14:37:59]: SELECT * FROM todos WHERE  user_id = :user_id   ORDER BY id DESC     [5]
[SQL_LOG:2023-08-07 14:37:59]: SELECT icon_filename FROM users WHERE  id = :user_id   ORDER BY id DESC     [5]
[SQL_LOG:2023-08-07 14:38:04]: SELECT COUNT(*) AS NUM  FROM todos WHERE  id = :id       [41]
[SQL_LOG:2023-08-07 14:38:04]: SELECT * FROM todos WHERE  id = :id       [41]
[SQL_LOG:2023-08-07 14:38:04]: SELECT icon_filename FROM users WHERE  id = :user_id       [5]
[SQL_LOG:2023-08-07 14:38:08]: SELECT * FROM todos WHERE  user_id = :user_id   ORDER BY id DESC     [5]
[SQL_LOG:2023-08-07 14:38:08]: SELECT icon_filename FROM users WHERE  id = :user_id   ORDER BY id DESC     [5]
[SQL_LOG:2023-08-07 14:38:15]: SELECT COUNT(*) AS NUM  FROM todos WHERE  id = :id       [37]
[SQL_LOG:2023-08-07 14:38:15]: SELECT * FROM todos WHERE  id = :id       [37]
[SQL_LOG:2023-08-07 14:38:15]: SELECT icon_filename FROM users WHERE  id = :user_id       [5]
[SQL_LOG:2023-08-07 14:40:28]: SELECT * FROM todos WHERE  user_id = :user_id   ORDER BY id DESC     [5]
[SQL_LOG:2023-08-07 14:40:28]: SELECT icon_filename FROM users WHERE  id = :user_id   ORDER BY id DESC     [5]
[SQL_LOG:2023-08-07 14:40:32]: SELECT icon_filename FROM users WHERE  id = :user_id       [5]
[SQL_LOG:2023-08-07 14:42:53]: SELECT * FROM todos WHERE  user_id = :user_id   ORDER BY id DESC     [5]
[SQL_LOG:2023-08-07 14:42:53]: SELECT icon_filename FROM users WHERE  id = :user_id   ORDER BY id DESC     [5]
[SQL_LOG:2023-08-07 14:49:31]: SELECT id, email, password FROM users WHERE  email = :email       [aa@mail.com]
[SQL_LOG:2023-08-07 14:49:31]: SELECT * FROM todos WHERE  user_id = :user_id   ORDER BY id DESC     [5]
[SQL_LOG:2023-08-07 14:49:32]: SELECT icon_filename FROM users WHERE  id = :user_id   ORDER BY id DESC     [5]
[SQL_LOG:2023-08-07 15:09:02]: SELECT * FROM todos WHERE  user_id = :user_id   ORDER BY id DESC     [5]
[SQL_LOG:2023-08-07 15:09:02]: SELECT icon_filename FROM users WHERE  id = :user_id   ORDER BY id DESC     [5]
[SQL_LOG:2023-08-07 15:09:29]: SELECT icon_filename FROM users WHERE  id = :user_id       [5]
[SQL_LOG:2023-08-07 15:09:32]: SELECT * FROM todos WHERE  user_id = :user_id   ORDER BY id DESC     [5]
[SQL_LOG:2023-08-07 15:09:32]: SELECT icon_filename FROM users WHERE  id = :user_id   ORDER BY id DESC     [5]
[SQL_LOG:2023-08-07 15:09:35]: SELECT * FROM users WHERE  id = :user_id       [5]
[SQL_LOG:2023-08-07 15:09:35]: SELECT icon_filename FROM users WHERE  id = :user_id       [5]
[SQL_LOG:2023-08-07 15:09:39]: SELECT * FROM todos WHERE  user_id = :user_id   ORDER BY id DESC     [5]
[SQL_LOG:2023-08-07 15:09:39]: SELECT icon_filename FROM users WHERE  id = :user_id   ORDER BY id DESC     [5]
[SQL_LOG:2023-08-07 15:15:23]: SELECT * FROM todos WHERE  user_id = :user_id   ORDER BY id DESC     [5]
[SQL_LOG:2023-08-07 15:15:23]: SELECT icon_filename FROM users WHERE  id = :user_id   ORDER BY id DESC     [5]
[SQL_LOG:2023-08-07 15:16:05]: SELECT * FROM todos WHERE  user_id = :user_id   ORDER BY id DESC     [5]
[SQL_LOG:2023-08-07 15:16:05]: SELECT icon_filename FROM users WHERE  id = :user_id   ORDER BY id DESC     [5]
[SQL_LOG:2023-08-07 15:16:28]: SELECT * FROM todos WHERE  user_id = :user_id   ORDER BY id DESC     [5]
[SQL_LOG:2023-08-07 15:16:28]: SELECT icon_filename FROM users WHERE  id = :user_id   ORDER BY id DESC     [5]
[SQL_LOG:2023-08-07 19:37:23]: SELECT id, email, password FROM users WHERE  email = :email       [aa@mail.com]
[SQL_LOG:2023-08-07 19:37:23]: SELECT * FROM todos WHERE  user_id = :user_id   ORDER BY id DESC     [5]
[SQL_LOG:2023-08-07 19:37:23]: SELECT icon_filename FROM users WHERE  id = :user_id   ORDER BY id DESC     [5]
[SQL_LOG:2023-08-07 19:40:29]: SELECT * FROM todos WHERE  user_id = :user_id   ORDER BY id DESC     [5]
[SQL_LOG:2023-08-07 19:40:29]: SELECT icon_filename FROM users WHERE  id = :user_id   ORDER BY id DESC     [5]
[SQL_LOG:2023-08-07 19:40:37]: SELECT * FROM todos WHERE  user_id = :user_id   ORDER BY id DESC     [5]
[SQL_LOG:2023-08-07 19:40:37]: SELECT icon_filename FROM users WHERE  id = :user_id   ORDER BY id DESC     [5]
[SQL_LOG:2023-08-07 19:40:38]: SELECT * FROM todos WHERE  user_id = :user_id   ORDER BY id DESC     [5]
[SQL_LOG:2023-08-07 19:40:38]: SELECT icon_filename FROM users WHERE  id = :user_id   ORDER BY id DESC     [5]
[SQL_LOG:2023-08-07 19:40:42]: SELECT * FROM users WHERE  id = :user_id       [5]
[SQL_LOG:2023-08-07 19:40:42]: SELECT icon_filename FROM users WHERE  id = :user_id       [5]
[SQL_LOG:2023-08-07 19:49:34]: SELECT * FROM users WHERE  id = :user_id       [5]
[SQL_LOG:2023-08-07 19:49:34]: SELECT icon_filename FROM users WHERE  id = :user_id       [5]
[SQL_LOG:2023-08-07 19:49:38]: SELECT * FROM todos WHERE  user_id = :user_id   ORDER BY id DESC     [5]
[SQL_LOG:2023-08-07 19:49:38]: SELECT icon_filename FROM users WHERE  id = :user_id   ORDER BY id DESC     [5]
[SQL_LOG:2023-08-07 19:49:41]: SELECT * FROM todos WHERE  user_id = :user_id   ORDER BY id DESC     [5]
[SQL_LOG:2023-08-07 19:49:41]: SELECT icon_filename FROM users WHERE  id = :user_id   ORDER BY id DESC     [5]
[SQL_LOG:2023-08-07 19:49:42]: SELECT * FROM todos WHERE  user_id = :user_id   ORDER BY id DESC     [5]
[SQL_LOG:2023-08-07 19:49:42]: SELECT icon_filename FROM users WHERE  id = :user_id   ORDER BY id DESC     [5]
[SQL_LOG:2023-08-07 19:49:58]: SELECT * FROM todos WHERE  user_id = :user_id   ORDER BY id DESC     [5]
[SQL_LOG:2023-08-07 19:49:58]: SELECT icon_filename FROM users WHERE  id = :user_id   ORDER BY id DESC     [5]
[SQL_LOG:2023-08-07 19:50:12]: SELECT * FROM todos WHERE  user_id = :user_id   ORDER BY id DESC     [5]
[SQL_LOG:2023-08-07 19:50:12]: SELECT icon_filename FROM users WHERE  id = :user_id   ORDER BY id DESC     [5]
[SQL_LOG:2023-08-07 19:53:08]: SELECT * FROM todos WHERE  user_id = :user_id   ORDER BY id DESC     [5]
[SQL_LOG:2023-08-07 19:53:08]: SELECT icon_filename FROM users WHERE  id = :user_id   ORDER BY id DESC     [5]
[SQL_LOG:2023-08-07 19:53:13]: SELECT * FROM todos WHERE  user_id = :user_id   ORDER BY id DESC     [5]
[SQL_LOG:2023-08-07 19:53:13]: SELECT icon_filename FROM users WHERE  id = :user_id   ORDER BY id DESC     [5]
[SQL_LOG:2023-08-07 20:11:59]: SELECT id, email, password FROM users WHERE  email = :email       [aa@mail.com]
[SQL_LOG:2023-08-07 20:11:59]: SELECT * FROM todos WHERE  user_id = :user_id   ORDER BY id DESC     [5]
[SQL_LOG:2023-08-07 20:11:59]: SELECT icon_filename FROM users WHERE  id = :user_id   ORDER BY id DESC     [5]
[SQL_LOG:2023-08-07 20:12:06]: SELECT * FROM todos WHERE  user_id = :user_id   ORDER BY id DESC     [5]
[SQL_LOG:2023-08-07 20:12:06]: SELECT icon_filename FROM users WHERE  id = :user_id   ORDER BY id DESC     [5]
[SQL_LOG:2023-08-07 20:12:06]: SELECT * FROM todos WHERE  user_id = :user_id   ORDER BY id DESC     [5]
[SQL_LOG:2023-08-07 20:12:06]: SELECT icon_filename FROM users WHERE  id = :user_id   ORDER BY id DESC     [5]
[SQL_LOG:2023-08-07 20:14:09]: SELECT * FROM todos WHERE  user_id = :user_id   ORDER BY id DESC     [5]
[SQL_LOG:2023-08-07 20:14:09]: SELECT icon_filename FROM users WHERE  id = :user_id   ORDER BY id DESC     [5]
[SQL_LOG:2023-08-07 20:14:11]: SELECT icon_filename FROM users WHERE  id = :user_id       [5]
[SQL_LOG:2023-08-07 20:14:16]: INSERT INTO  todos (title, content, user_id) VALUES (:title, :content, :user_id)       []
[SQL_LOG:2023-08-07 20:14:16]: SELECT icon_filename FROM users WHERE  id = :user_id       [5]
[SQL_LOG:2023-08-07 20:14:16]: SELECT * FROM todos WHERE  user_id = :user_id   ORDER BY id DESC     [5]
[SQL_LOG:2023-08-07 20:14:16]: SELECT icon_filename FROM users WHERE  id = :user_id   ORDER BY id DESC     [5]
[SQL_LOG:2023-08-07 20:15:41]: SELECT * FROM todos WHERE  user_id = :user_id   ORDER BY id DESC     [5]
[SQL_LOG:2023-08-07 20:15:41]: SELECT icon_filename FROM users WHERE  id = :user_id   ORDER BY id DESC     [5]
[SQL_LOG:2023-08-07 20:15:45]: SELECT * FROM todos WHERE  user_id = :user_id   ORDER BY id DESC     [5]
[SQL_LOG:2023-08-07 20:15:46]: SELECT icon_filename FROM users WHERE  id = :user_id   ORDER BY id DESC     [5]
[SQL_LOG:2023-08-07 20:15:46]: SELECT * FROM todos WHERE  user_id = :user_id   ORDER BY id DESC     [5]
[SQL_LOG:2023-08-07 20:15:46]: SELECT icon_filename FROM users WHERE  id = :user_id   ORDER BY id DESC     [5]
[SQL_LOG:2023-08-07 20:15:58]: SELECT * FROM todos WHERE  user_id = :user_id   ORDER BY id DESC     [5]
[SQL_LOG:2023-08-07 20:15:58]: SELECT icon_filename FROM users WHERE  id = :user_id   ORDER BY id DESC     [5]
[SQL_LOG:2023-08-07 20:15:58]: SELECT * FROM todos WHERE  user_id = :user_id   ORDER BY id DESC     [5]
[SQL_LOG:2023-08-07 20:15:58]: SELECT icon_filename FROM users WHERE  id = :user_id   ORDER BY id DESC     [5]
[SQL_LOG:2023-08-07 20:17:57]: SELECT icon_filename FROM users WHERE  id = :user_id       [5]
[SQL_LOG:2023-08-07 20:18:03]: INSERT INTO  todos (title, content, user_id) VALUES (:title, :content, :user_id)       []
[SQL_LOG:2023-08-07 20:18:03]: SELECT icon_filename FROM users WHERE  id = :user_id       [5]
[SQL_LOG:2023-08-07 20:18:03]: SELECT * FROM todos WHERE  user_id = :user_id   ORDER BY id DESC     [5]
[SQL_LOG:2023-08-07 20:18:03]: SELECT icon_filename FROM users WHERE  id = :user_id   ORDER BY id DESC     [5]
[SQL_LOG:2023-08-07 20:18:11]: SELECT * FROM todos WHERE  user_id = :user_id   ORDER BY id DESC     [5]
[SQL_LOG:2023-08-07 20:18:11]: SELECT icon_filename FROM users WHERE  id = :user_id   ORDER BY id DESC     [5]
[SQL_LOG:2023-08-07 20:18:12]: SELECT * FROM todos WHERE  user_id = :user_id   ORDER BY id DESC     [5]
[SQL_LOG:2023-08-07 20:18:12]: SELECT icon_filename FROM users WHERE  id = :user_id   ORDER BY id DESC     [5]
[SQL_LOG:2023-08-07 20:18:38]: SELECT * FROM todos WHERE  user_id = :user_id   ORDER BY id DESC     [5]
[SQL_LOG:2023-08-07 20:18:38]: SELECT icon_filename FROM users WHERE  id = :user_id   ORDER BY id DESC     [5]
[SQL_LOG:2023-08-07 20:18:41]: SELECT * FROM todos WHERE  user_id = :user_id   ORDER BY id DESC     [5]
[SQL_LOG:2023-08-07 20:18:41]: SELECT icon_filename FROM users WHERE  id = :user_id   ORDER BY id DESC     [5]
[SQL_LOG:2023-08-07 20:18:56]: SELECT COUNT(*) AS NUM  FROM users WHERE  email = :email       [k@mail.com]
[SQL_LOG:2023-08-07 20:18:56]: INSERT INTO users(email, password) VALUES (:email, :password)       []
[SQL_LOG:2023-08-07 20:18:57]: SELECT * FROM todos WHERE  user_id = :user_id   ORDER BY id DESC     [8]
[SQL_LOG:2023-08-07 20:18:57]: SELECT icon_filename FROM users WHERE  id = :user_id   ORDER BY id DESC     [8]
[SQL_LOG:2023-08-07 20:19:01]: SELECT * FROM users WHERE  id = :user_id       [8]
[SQL_LOG:2023-08-07 20:19:01]: SELECT icon_filename FROM users WHERE  id = :user_id       [8]
[SQL_LOG:2023-08-07 20:19:08]: SELECT * FROM users WHERE  id = :user_id       [8]
[SQL_LOG:2023-08-07 20:19:08]: SELECT icon_filename FROM users WHERE  id = :user_id       [8]
[SQL_LOG:2023-08-07 20:23:34]: SELECT id, email, password FROM users WHERE  email = :email       [ff@mail.com]
[SQL_LOG:2023-08-07 20:23:43]: SELECT id, email, password FROM users WHERE  email = :email       [k@mail.com]
[SQL_LOG:2023-08-07 20:35:18]: SELECT COUNT(*) AS NUM  FROM users WHERE  email = :email       [l@mail.com]
[SQL_LOG:2023-08-07 20:35:18]: INSERT INTO users(email, password) VALUES (:email, :password)       []
[SQL_LOG:2023-08-07 20:35:19]: SELECT * FROM todos WHERE  user_id = :user_id   ORDER BY id DESC     [9]
[SQL_LOG:2023-08-07 20:35:19]: SELECT icon_filename FROM users WHERE  id = :user_id   ORDER BY id DESC     [9]
[SQL_LOG:2023-08-07 20:35:23]: SELECT * FROM users WHERE  id = :user_id       [9]
[SQL_LOG:2023-08-07 20:35:23]: SELECT icon_filename FROM users WHERE  id = :user_id       [9]
[SQL_LOG:2023-08-07 20:35:28]: SELECT * FROM users WHERE  id = :user_id       [9]
[SQL_LOG:2023-08-07 20:35:28]: SELECT icon_filename FROM users WHERE  id = :user_id       [9]
[SQL_LOG:2023-08-07 20:41:20]: SELECT COUNT(*) AS NUM  FROM users WHERE  email = :email       [l@mail.com]
[SQL_LOG:2023-08-07 20:41:20]: INSERT INTO users(email, password) VALUES (:email, :password)       []
[SQL_LOG:2023-08-07 20:41:21]: SELECT * FROM todos WHERE  user_id = :user_id   ORDER BY id DESC     [10]
[SQL_LOG:2023-08-07 20:41:21]: SELECT icon_filename FROM users WHERE  id = :user_id   ORDER BY id DESC     [10]
[SQL_LOG:2023-08-07 20:41:24]: SELECT icon_filename FROM users WHERE  id = :user_id       [10]
[SQL_LOG:2023-08-07 20:41:27]: INSERT INTO  todos (title, content, user_id) VALUES (:title, :content, :user_id)       []
[SQL_LOG:2023-08-07 20:41:27]: SELECT icon_filename FROM users WHERE  id = :user_id       [10]
[SQL_LOG:2023-08-07 20:41:27]: SELECT * FROM todos WHERE  user_id = :user_id   ORDER BY id DESC     [10]
[SQL_LOG:2023-08-07 20:41:28]: SELECT icon_filename FROM users WHERE  id = :user_id   ORDER BY id DESC     [10]
[SQL_LOG:2023-08-07 20:41:30]: SELECT icon_filename FROM users WHERE  id = :user_id       [10]
[SQL_LOG:2023-08-07 20:41:33]: INSERT INTO  todos (title, content, user_id) VALUES (:title, :content, :user_id)       []
[SQL_LOG:2023-08-07 20:41:33]: SELECT icon_filename FROM users WHERE  id = :user_id       [10]
[SQL_LOG:2023-08-07 20:41:33]: SELECT * FROM todos WHERE  user_id = :user_id   ORDER BY id DESC     [10]
[SQL_LOG:2023-08-07 20:41:33]: SELECT icon_filename FROM users WHERE  id = :user_id   ORDER BY id DESC     [10]
[SQL_LOG:2023-08-07 20:41:41]: SELECT * FROM todos WHERE  user_id = :user_id   ORDER BY id DESC     [10]
[SQL_LOG:2023-08-07 20:41:41]: SELECT icon_filename FROM users WHERE  id = :user_id   ORDER BY id DESC     [10]
[SQL_LOG:2023-08-07 20:41:41]: SELECT * FROM todos WHERE  user_id = :user_id   ORDER BY id DESC     [10]
[SQL_LOG:2023-08-07 20:41:41]: SELECT icon_filename FROM users WHERE  id = :user_id   ORDER BY id DESC     [10]
[SQL_LOG:2023-08-07 20:41:44]: SELECT * FROM users WHERE  id = :user_id       [10]
[SQL_LOG:2023-08-07 20:41:44]: SELECT icon_filename FROM users WHERE  id = :user_id       [10]
[SQL_LOG:2023-08-07 20:41:53]: SELECT * FROM users WHERE  id = :user_id       [10]
[SQL_LOG:2023-08-07 20:41:54]: SELECT icon_filename FROM users WHERE  id = :user_id       [10]
[SQL_LOG:2023-08-07 20:41:54]: SELECT COUNT(*) AS NUM  FROM users WHERE  email = :email AND id != :userId       [ls@mail.com,10]
[SQL_LOG:2023-08-07 20:41:54]: SELECT * FROM users WHERE  id = :user_id       [10]
[SQL_LOG:2023-08-07 20:41:54]: SELECT * FROM users WHERE  id = :user_id       [10]
[SQL_LOG:2023-08-07 20:41:54]: SELECT icon_filename FROM users WHERE  id = :user_id       [10]
[SQL_LOG:2023-08-07 20:42:02]: SELECT * FROM users WHERE  id = :user_id       [10]
[SQL_LOG:2023-08-07 20:42:02]: SELECT icon_filename FROM users WHERE  id = :user_id       [10]
[SQL_LOG:2023-08-07 20:45:29]: SELECT COUNT(*) AS NUM  FROM users WHERE  email = :email       [l@mail.com]
[SQL_LOG:2023-08-07 20:45:29]: INSERT INTO users(email, password) VALUES (:email, :password)       []
[SQL_LOG:2023-08-07 20:45:29]: SELECT * FROM todos WHERE  user_id = :user_id   ORDER BY id DESC     [11]
[SQL_LOG:2023-08-07 20:45:30]: SELECT icon_filename FROM users WHERE  id = :user_id   ORDER BY id DESC     [11]
[SQL_LOG:2023-08-07 20:45:42]: SELECT * FROM todos WHERE  user_id = :user_id   ORDER BY id DESC     [11]
[SQL_LOG:2023-08-07 20:45:42]: SELECT icon_filename FROM users WHERE  id = :user_id   ORDER BY id DESC     [11]
[SQL_LOG:2023-08-07 20:45:42]: SELECT * FROM todos WHERE  user_id = :user_id   ORDER BY id DESC     [11]
[SQL_LOG:2023-08-07 20:45:42]: SELECT icon_filename FROM users WHERE  id = :user_id   ORDER BY id DESC     [11]
[SQL_LOG:2023-08-07 20:45:44]: SELECT icon_filename FROM users WHERE  id = :user_id       [11]
[SQL_LOG:2023-08-07 20:45:48]: INSERT INTO  todos (title, content, user_id) VALUES (:title, :content, :user_id)       []
[SQL_LOG:2023-08-07 20:45:48]: SELECT icon_filename FROM users WHERE  id = :user_id       [11]
[SQL_LOG:2023-08-07 20:45:48]: SELECT * FROM todos WHERE  user_id = :user_id   ORDER BY id DESC     [11]
[SQL_LOG:2023-08-07 20:45:48]: SELECT icon_filename FROM users WHERE  id = :user_id   ORDER BY id DESC     [11]
[SQL_LOG:2023-08-07 20:45:52]: SELECT * FROM todos WHERE  user_id = :user_id   ORDER BY id DESC     [11]
[SQL_LOG:2023-08-07 20:45:52]: SELECT icon_filename FROM users WHERE  id = :user_id   ORDER BY id DESC     [11]
[SQL_LOG:2023-08-07 20:45:52]: SELECT * FROM todos WHERE  user_id = :user_id   ORDER BY id DESC     [11]
[SQL_LOG:2023-08-07 20:45:52]: SELECT icon_filename FROM users WHERE  id = :user_id   ORDER BY id DESC     [11]
[SQL_LOG:2023-08-07 20:46:17]: SELECT * FROM todos WHERE  user_id = :user_id   ORDER BY id DESC     [11]
[SQL_LOG:2023-08-07 20:46:17]: SELECT icon_filename FROM users WHERE  id = :user_id   ORDER BY id DESC     [11]
[SQL_LOG:2023-08-07 20:46:18]: SELECT * FROM todos WHERE  user_id = :user_id   ORDER BY id DESC     [11]
[SQL_LOG:2023-08-07 20:46:18]: SELECT icon_filename FROM users WHERE  id = :user_id   ORDER BY id DESC     [11]
[SQL_LOG:2023-08-07 20:46:24]: SELECT * FROM todos WHERE  user_id = :user_id   ORDER BY id DESC     [11]
[SQL_LOG:2023-08-07 20:46:24]: SELECT icon_filename FROM users WHERE  id = :user_id   ORDER BY id DESC     [11]
[SQL_LOG:2023-08-07 20:46:24]: SELECT * FROM todos WHERE  user_id = :user_id   ORDER BY id DESC     [11]
[SQL_LOG:2023-08-07 20:46:24]: SELECT icon_filename FROM users WHERE  id = :user_id   ORDER BY id DESC     [11]
[SQL_LOG:2023-08-07 20:46:29]: SELECT * FROM users WHERE  id = :user_id       [11]
[SQL_LOG:2023-08-07 20:46:29]: SELECT icon_filename FROM users WHERE  id = :user_id       [11]
[SQL_LOG:2023-08-07 20:54:35]: SELECT * FROM users WHERE  id = :user_id       [11]
[SQL_LOG:2023-08-07 20:54:35]: SELECT icon_filename FROM users WHERE  id = :user_id       [11]
[SQL_LOG:2023-08-07 20:54:39]: SELECT * FROM todos WHERE  user_id = :user_id   ORDER BY id DESC     [11]
[SQL_LOG:2023-08-07 20:54:39]: SELECT icon_filename FROM users WHERE  id = :user_id   ORDER BY id DESC     [11]
[SQL_LOG:2023-08-07 20:54:56]: SELECT * FROM todos WHERE  user_id = :user_id   ORDER BY id DESC     [11]
[SQL_LOG:2023-08-07 20:54:56]: SELECT icon_filename FROM users WHERE  id = :user_id   ORDER BY id DESC     [11]
[SQL_LOG:2023-08-07 20:55:01]: SELECT icon_filename FROM users WHERE  id = :user_id       [11]
[SQL_LOG:2023-08-07 20:55:05]: INSERT INTO  todos (title, content, user_id) VALUES (:title, :content, :user_id)       []
[SQL_LOG:2023-08-07 20:55:05]: SELECT icon_filename FROM users WHERE  id = :user_id       [11]
[SQL_LOG:2023-08-07 20:55:05]: SELECT * FROM todos WHERE  user_id = :user_id   ORDER BY id DESC     [11]
[SQL_LOG:2023-08-07 20:55:06]: SELECT icon_filename FROM users WHERE  id = :user_id   ORDER BY id DESC     [11]
[SQL_LOG:2023-08-07 20:55:11]: SELECT * FROM todos WHERE  user_id = :user_id   ORDER BY id DESC     [11]
[SQL_LOG:2023-08-07 20:55:12]: SELECT icon_filename FROM users WHERE  id = :user_id   ORDER BY id DESC     [11]
[SQL_LOG:2023-08-07 20:55:12]: SELECT * FROM todos WHERE  user_id = :user_id   ORDER BY id DESC     [11]
[SQL_LOG:2023-08-07 20:55:12]: SELECT icon_filename FROM users WHERE  id = :user_id   ORDER BY id DESC     [11]
[SQL_LOG:2023-08-07 20:55:14]: SELECT * FROM todos WHERE  user_id = :user_id   ORDER BY id DESC     [11]
[SQL_LOG:2023-08-07 20:55:14]: SELECT icon_filename FROM users WHERE  id = :user_id   ORDER BY id DESC     [11]
[SQL_LOG:2023-08-07 20:55:14]: SELECT * FROM todos WHERE  user_id = :user_id   ORDER BY id DESC     [11]
[SQL_LOG:2023-08-07 20:55:14]: SELECT icon_filename FROM users WHERE  id = :user_id   ORDER BY id DESC     [11]
[SQL_LOG:2023-08-07 20:55:15]: SELECT * FROM todos WHERE  user_id = :user_id   ORDER BY id DESC     [11]
[SQL_LOG:2023-08-07 20:55:16]: SELECT icon_filename FROM users WHERE  id = :user_id   ORDER BY id DESC     [11]
[SQL_LOG:2023-08-07 20:55:16]: SELECT * FROM todos WHERE  user_id = :user_id   ORDER BY id DESC     [11]
[SQL_LOG:2023-08-07 20:55:16]: SELECT icon_filename FROM users WHERE  id = :user_id   ORDER BY id DESC     [11]
[SQL_LOG:2023-08-07 21:00:31]: SELECT * FROM todos WHERE  user_id = :user_id   ORDER BY id DESC     [11]
[SQL_LOG:2023-08-07 21:00:31]: SELECT icon_filename FROM users WHERE  id = :user_id   ORDER BY id DESC     [11]
[SQL_LOG:2023-08-07 21:00:34]: SELECT icon_filename FROM users WHERE  id = :user_id       [11]
[SQL_LOG:2023-08-07 21:00:44]: INSERT INTO  todos (title, content, user_id) VALUES (:title, :content, :user_id)       []
[SQL_LOG:2023-08-07 21:00:44]: SELECT icon_filename FROM users WHERE  id = :user_id       [11]
[SQL_LOG:2023-08-07 21:00:44]: SELECT * FROM todos WHERE  user_id = :user_id   ORDER BY id DESC     [11]
[SQL_LOG:2023-08-07 21:00:44]: SELECT icon_filename FROM users WHERE  id = :user_id   ORDER BY id DESC     [11]
[SQL_LOG:2023-08-07 21:00:46]: SELECT icon_filename FROM users WHERE  id = :user_id       [11]
[SQL_LOG:2023-08-07 21:00:46]: SELECT todos.*, users.id, users.icon_filename FROM todos       INNER JOIN users ON todos.user_id = users.id []
[SQL_LOG:2023-08-07 21:02:42]: SELECT icon_filename FROM users WHERE  id = :user_id       [11]
[SQL_LOG:2023-08-07 21:02:42]: SELECT todos.*, users.id, users.icon_filename FROM todos       INNER JOIN users ON todos.user_id = users.id []
[SQL_LOG:2023-08-07 21:04:54]: SELECT icon_filename FROM users WHERE  id = :user_id       [11]
[SQL_LOG:2023-08-07 21:04:54]: SELECT todos.*, users.id, users.icon_filename FROM todos       INNER JOIN users ON todos.user_id = users.id []
[SQL_LOG:2023-08-07 21:05:02]: SELECT * FROM todos WHERE  user_id = :user_id   ORDER BY id DESC     [11]
[SQL_LOG:2023-08-07 21:05:02]: SELECT icon_filename FROM users WHERE  id = :user_id   ORDER BY id DESC     [11]
[SQL_LOG:2023-08-07 21:05:08]: SELECT icon_filename FROM users WHERE  id = :user_id       [11]
[SQL_LOG:2023-08-07 21:05:13]: INSERT INTO  todos (title, content, user_id) VALUES (:title, :content, :user_id)       []
[SQL_LOG:2023-08-07 21:05:13]: SELECT icon_filename FROM users WHERE  id = :user_id       [11]
[SQL_LOG:2023-08-07 21:05:13]: SELECT * FROM todos WHERE  user_id = :user_id   ORDER BY id DESC     [11]
[SQL_LOG:2023-08-07 21:05:13]: SELECT icon_filename FROM users WHERE  id = :user_id   ORDER BY id DESC     [11]
[SQL_LOG:2023-08-07 21:05:24]: SELECT icon_filename FROM users WHERE  id = :user_id       [11]
[SQL_LOG:2023-08-07 21:05:24]: SELECT todos.*, users.id, users.icon_filename FROM todos       INNER JOIN users ON todos.user_id = users.id []
[SQL_LOG:2023-08-07 21:08:52]: SELECT icon_filename FROM users WHERE  id = :user_id       [11]
[SQL_LOG:2023-08-07 21:08:52]: SELECT todos.*, users.id, users.icon_filename FROM todos       INNER JOIN users ON todos.user_id = users.id []
[SQL_LOG:2023-08-07 21:09:06]: SELECT icon_filename FROM users WHERE  id = :user_id       [11]
[SQL_LOG:2023-08-07 21:09:06]: SELECT todos.*, users.id, users.icon_filename FROM todos       INNER JOIN users ON todos.user_id = users.id []
[SQL_LOG:2023-08-07 21:09:19]: SELECT icon_filename FROM users WHERE  id = :user_id       [11]
[SQL_LOG:2023-08-07 21:09:20]: SELECT todos.*, users.id, users.icon_filename FROM todos       INNER JOIN users ON todos.user_id = users.id []
[SQL_LOG:2023-08-07 21:11:05]: SELECT icon_filename FROM users WHERE  id = :user_id       [11]
[SQL_LOG:2023-08-07 21:11:05]: SELECT todos.*, users.id, users.icon_filename FROM todos       INNER JOIN users ON todos.user_id = users.id []
[SQL_LOG:2023-08-07 21:14:11]: SELECT icon_filename FROM users WHERE  id = :user_id       [11]
[SQL_LOG:2023-08-07 21:14:11]: SELECT todos.*, users.id, users.icon_filename FROM todos       INNER JOIN users ON todos.user_id = users.id []
[SQL_LOG:2023-08-07 21:14:13]: SELECT * FROM todos WHERE  user_id = :user_id   ORDER BY id DESC     [11]
[SQL_LOG:2023-08-07 21:14:13]: SELECT icon_filename FROM users WHERE  id = :user_id   ORDER BY id DESC     [11]
[SQL_LOG:2023-08-07 21:14:47]: SELECT * FROM todos WHERE  user_id = :user_id   ORDER BY id DESC     [11]
[SQL_LOG:2023-08-07 21:14:47]: SELECT icon_filename FROM users WHERE  id = :user_id   ORDER BY id DESC     [11]
[SQL_LOG:2023-08-07 21:14:51]: SELECT icon_filename FROM users WHERE  id = :user_id       [11]
[SQL_LOG:2023-08-07 21:14:51]: SELECT todos.*, users.id, users.icon_filename FROM todos       INNER JOIN users ON todos.user_id = users.id []
[SQL_LOG:2023-08-07 21:16:31]: SELECT icon_filename FROM users WHERE  id = :user_id       [11]
[SQL_LOG:2023-08-07 21:16:31]: SELECT todos.*, users.id, users.icon_filename FROM todos       INNER JOIN users ON todos.user_id = users.id []
[SQL_LOG:2023-08-07 21:16:45]: SELECT * FROM todos WHERE  user_id = :user_id   ORDER BY id DESC     [11]
[SQL_LOG:2023-08-07 21:16:45]: SELECT icon_filename FROM users WHERE  id = :user_id   ORDER BY id DESC     [11]
[SQL_LOG:2023-08-07 21:18:25]: SELECT icon_filename FROM users WHERE  id = :user_id       [11]
[SQL_LOG:2023-08-07 21:18:35]: INSERT INTO  todos (title, content, user_id) VALUES (:title, :content, :user_id)       []
[SQL_LOG:2023-08-07 21:18:35]: SELECT icon_filename FROM users WHERE  id = :user_id       [11]
[SQL_LOG:2023-08-07 21:18:35]: SELECT * FROM todos WHERE  user_id = :user_id   ORDER BY id DESC     [11]
[SQL_LOG:2023-08-07 21:18:35]: SELECT icon_filename FROM users WHERE  id = :user_id   ORDER BY id DESC     [11]
[SQL_LOG:2023-08-07 21:18:43]: SELECT icon_filename FROM users WHERE  id = :user_id       [11]
[SQL_LOG:2023-08-07 21:18:48]: INSERT INTO  todos (title, content, user_id) VALUES (:title, :content, :user_id)       []
[SQL_LOG:2023-08-07 21:18:49]: SELECT icon_filename FROM users WHERE  id = :user_id       [11]
[SQL_LOG:2023-08-07 21:18:49]: SELECT * FROM todos WHERE  user_id = :user_id   ORDER BY id DESC     [11]
[SQL_LOG:2023-08-07 21:18:49]: SELECT icon_filename FROM users WHERE  id = :user_id   ORDER BY id DESC     [11]
[SQL_LOG:2023-08-07 21:18:53]: SELECT icon_filename FROM users WHERE  id = :user_id       [11]
[SQL_LOG:2023-08-07 21:19:02]: INSERT INTO  todos (title, content, user_id) VALUES (:title, :content, :user_id)       []
[SQL_LOG:2023-08-07 21:19:02]: SELECT icon_filename FROM users WHERE  id = :user_id       [11]
[SQL_LOG:2023-08-07 21:19:03]: SELECT * FROM todos WHERE  user_id = :user_id   ORDER BY id DESC     [11]
[SQL_LOG:2023-08-07 21:19:03]: SELECT icon_filename FROM users WHERE  id = :user_id   ORDER BY id DESC     [11]
[SQL_LOG:2023-08-07 21:19:16]: SELECT icon_filename FROM users WHERE  id = :user_id       [11]
[SQL_LOG:2023-08-07 21:19:22]: INSERT INTO  todos (title, content, user_id) VALUES (:title, :content, :user_id)       []
[SQL_LOG:2023-08-07 21:19:22]: SELECT icon_filename FROM users WHERE  id = :user_id       [11]
[SQL_LOG:2023-08-07 21:19:23]: SELECT * FROM todos WHERE  user_id = :user_id   ORDER BY id DESC     [11]
[SQL_LOG:2023-08-07 21:19:23]: SELECT icon_filename FROM users WHERE  id = :user_id   ORDER BY id DESC     [11]
[SQL_LOG:2023-08-07 21:19:56]: SELECT icon_filename FROM users WHERE  id = :user_id       [11]
[SQL_LOG:2023-08-07 21:20:04]: INSERT INTO  todos (title, content, user_id) VALUES (:title, :content, :user_id)       []
[SQL_LOG:2023-08-07 21:20:04]: SELECT icon_filename FROM users WHERE  id = :user_id       [11]
[SQL_LOG:2023-08-07 21:20:04]: SELECT * FROM todos WHERE  user_id = :user_id   ORDER BY id DESC     [11]
[SQL_LOG:2023-08-07 21:20:04]: SELECT icon_filename FROM users WHERE  id = :user_id   ORDER BY id DESC     [11]
[SQL_LOG:2023-08-07 21:23:58]: SELECT * FROM todos WHERE  user_id = :user_id   ORDER BY id DESC     [11]
[SQL_LOG:2023-08-07 21:23:58]: SELECT icon_filename FROM users WHERE  id = :user_id   ORDER BY id DESC     [11]
[SQL_LOG:2023-08-07 21:29:53]: SELECT * FROM todos WHERE  user_id = :user_id   ORDER BY id DESC     [11]
[SQL_LOG:2023-08-07 21:29:54]: SELECT icon_filename FROM users WHERE  id = :user_id   ORDER BY id DESC     [11]
[SQL_LOG:2023-08-07 21:40:34]: SELECT * FROM todos WHERE  user_id = :user_id   ORDER BY id DESC     [11]
[SQL_LOG:2023-08-07 21:40:35]: SELECT icon_filename FROM users WHERE  id = :user_id   ORDER BY id DESC     [11]
[SQL_LOG:2023-08-07 21:40:53]: SELECT * FROM todos WHERE  user_id = :user_id   ORDER BY id DESC     [11]
[SQL_LOG:2023-08-07 21:40:53]: SELECT icon_filename FROM users WHERE  id = :user_id   ORDER BY id DESC     [11]
[SQL_LOG:2023-08-07 21:42:32]: SELECT * FROM todos WHERE  user_id = :user_id   ORDER BY id DESC     [11]
[SQL_LOG:2023-08-07 21:42:32]: SELECT icon_filename FROM users WHERE  id = :user_id   ORDER BY id DESC     [11]
[SQL_LOG:2023-08-07 21:42:36]: SELECT * FROM todos WHERE  user_id = :user_id   ORDER BY id DESC     [11]
[SQL_LOG:2023-08-07 21:42:36]: SELECT icon_filename FROM users WHERE  id = :user_id   ORDER BY id DESC     [11]
[SQL_LOG:2023-08-07 21:42:36]: SELECT * FROM todos WHERE  user_id = :user_id   ORDER BY id DESC     [11]
[SQL_LOG:2023-08-07 21:42:36]: SELECT icon_filename FROM users WHERE  id = :user_id   ORDER BY id DESC     [11]
[SQL_LOG:2023-08-07 21:43:01]: SELECT COUNT(*) AS NUM  FROM todos WHERE  id = :id       [56]
[SQL_LOG:2023-08-07 21:43:01]: SELECT * FROM todos WHERE  id = :id       [56]
[SQL_LOG:2023-08-07 21:43:01]: SELECT icon_filename FROM users WHERE  id = :user_id       [11]
[SQL_LOG:2023-08-07 21:43:04]: SELECT * FROM todos WHERE  user_id = :user_id   ORDER BY id DESC     [11]
[SQL_LOG:2023-08-07 21:43:04]: SELECT icon_filename FROM users WHERE  id = :user_id   ORDER BY id DESC     [11]
[SQL_LOG:2023-08-07 21:43:10]: SELECT * FROM todos WHERE  user_id = :user_id   ORDER BY id DESC     [11]
[SQL_LOG:2023-08-07 21:43:11]: SELECT icon_filename FROM users WHERE  id = :user_id   ORDER BY id DESC     [11]
[SQL_LOG:2023-08-07 21:43:11]: SELECT * FROM todos WHERE  user_id = :user_id   ORDER BY id DESC     [11]
[SQL_LOG:2023-08-07 21:43:11]: SELECT icon_filename FROM users WHERE  id = :user_id   ORDER BY id DESC     [11]
[SQL_LOG:2023-08-07 21:43:17]: SELECT * FROM todos WHERE  user_id = :user_id   ORDER BY id DESC     [11]
[SQL_LOG:2023-08-07 21:43:17]: SELECT icon_filename FROM users WHERE  id = :user_id   ORDER BY id DESC     [11]
[SQL_LOG:2023-08-07 21:43:18]: SELECT * FROM todos WHERE  user_id = :user_id   ORDER BY id DESC     [11]
[SQL_LOG:2023-08-07 21:43:18]: SELECT icon_filename FROM users WHERE  id = :user_id   ORDER BY id DESC     [11]
[SQL_LOG:2023-08-07 21:43:18]: SELECT * FROM todos WHERE  user_id = :user_id   ORDER BY id DESC     [11]
[SQL_LOG:2023-08-07 21:43:18]: SELECT icon_filename FROM users WHERE  id = :user_id   ORDER BY id DESC     [11]
[SQL_LOG:2023-08-07 21:43:20]: SELECT * FROM todos WHERE  user_id = :user_id   ORDER BY id DESC     [11]
[SQL_LOG:2023-08-07 21:43:20]: SELECT icon_filename FROM users WHERE  id = :user_id   ORDER BY id DESC     [11]
[SQL_LOG:2023-08-07 21:43:20]: SELECT * FROM todos WHERE  user_id = :user_id   ORDER BY id DESC     [11]
[SQL_LOG:2023-08-07 21:43:20]: SELECT icon_filename FROM users WHERE  id = :user_id   ORDER BY id DESC     [11]
[SQL_LOG:2023-08-07 21:48:18]: SELECT * FROM todos WHERE  user_id = :user_id   ORDER BY id DESC     [11]
[SQL_LOG:2023-08-07 21:48:18]: SELECT icon_filename FROM users WHERE  id = :user_id   ORDER BY id DESC     [11]
[SQL_LOG:2023-08-07 21:48:44]: SELECT * FROM todos WHERE  user_id = :user_id   ORDER BY id DESC     [11]
[SQL_LOG:2023-08-07 21:48:44]: SELECT icon_filename FROM users WHERE  id = :user_id   ORDER BY id DESC     [11]
[SQL_LOG:2023-08-07 21:48:49]: SELECT * FROM todos WHERE  user_id = :user_id   ORDER BY id DESC     [11]
[SQL_LOG:2023-08-07 21:48:49]: SELECT icon_filename FROM users WHERE  id = :user_id   ORDER BY id DESC     [11]
[SQL_LOG:2023-08-07 21:48:57]: SELECT * FROM todos WHERE  user_id = :user_id   ORDER BY id DESC     [11]
[SQL_LOG:2023-08-07 21:48:57]: SELECT icon_filename FROM users WHERE  id = :user_id   ORDER BY id DESC     [11]
[SQL_LOG:2023-08-07 21:49:04]: SELECT * FROM todos WHERE  user_id = :user_id   ORDER BY id DESC     [11]
[SQL_LOG:2023-08-07 21:49:04]: SELECT icon_filename FROM users WHERE  id = :user_id   ORDER BY id DESC     [11]
[SQL_LOG:2023-08-07 21:49:05]: SELECT * FROM todos WHERE  user_id = :user_id   ORDER BY id DESC     [11]
[SQL_LOG:2023-08-07 21:49:05]: SELECT icon_filename FROM users WHERE  id = :user_id   ORDER BY id DESC     [11]
[SQL_LOG:2023-08-07 21:49:07]: SELECT * FROM todos WHERE  user_id = :user_id   ORDER BY id DESC     [11]
[SQL_LOG:2023-08-07 21:49:07]: SELECT icon_filename FROM users WHERE  id = :user_id   ORDER BY id DESC     [11]
[SQL_LOG:2023-08-07 21:49:07]: SELECT * FROM todos WHERE  user_id = :user_id   ORDER BY id DESC     [11]
[SQL_LOG:2023-08-07 21:49:07]: SELECT icon_filename FROM users WHERE  id = :user_id   ORDER BY id DESC     [11]
[SQL_LOG:2023-08-07 21:49:21]: SELECT icon_filename FROM users WHERE  id = :user_id       [11]
[SQL_LOG:2023-08-07 21:49:21]: SELECT todos.*, users.id, users.icon_filename FROM todos       INNER JOIN users ON todos.user_id = users.id []
[SQL_LOG:2023-08-07 21:50:42]: SELECT * FROM todos WHERE  user_id = :user_id   ORDER BY id DESC     [11]
[SQL_LOG:2023-08-07 21:50:43]: SELECT icon_filename FROM users WHERE  id = :user_id   ORDER BY id DESC     [11]
[SQL_LOG:2023-08-07 21:50:46]: SELECT icon_filename FROM users WHERE  id = :user_id       [11]
[SQL_LOG:2023-08-07 21:50:46]: SELECT todos.*, users.id, users.icon_filename FROM todos       INNER JOIN users ON todos.user_id = users.id []
[SQL_LOG:2023-08-07 21:50:54]: SELECT * FROM todos WHERE  user_id = :user_id   ORDER BY id DESC     [11]
[SQL_LOG:2023-08-07 21:50:54]: SELECT icon_filename FROM users WHERE  id = :user_id   ORDER BY id DESC     [11]
[SQL_LOG:2023-08-07 21:51:02]: SELECT id, email, password FROM users WHERE  email = :email       [aa@mail.com]
[SQL_LOG:2023-08-07 21:51:03]: SELECT * FROM todos WHERE  user_id = :user_id   ORDER BY id DESC     [5]
[SQL_LOG:2023-08-07 21:51:03]: SELECT icon_filename FROM users WHERE  id = :user_id   ORDER BY id DESC     [5]
[SQL_LOG:2023-08-07 21:51:06]: SELECT icon_filename FROM users WHERE  id = :user_id       [5]
[SQL_LOG:2023-08-07 21:51:11]: INSERT INTO  todos (title, content, user_id) VALUES (:title, :content, :user_id)       []
[SQL_LOG:2023-08-07 21:51:11]: SELECT icon_filename FROM users WHERE  id = :user_id       [5]
[SQL_LOG:2023-08-07 21:51:11]: SELECT * FROM todos WHERE  user_id = :user_id   ORDER BY id DESC     [5]
[SQL_LOG:2023-08-07 21:51:11]: SELECT icon_filename FROM users WHERE  id = :user_id   ORDER BY id DESC     [5]
[SQL_LOG:2023-08-07 21:51:13]: SELECT icon_filename FROM users WHERE  id = :user_id       [5]
[SQL_LOG:2023-08-07 21:51:13]: SELECT todos.*, users.id, users.icon_filename FROM todos       INNER JOIN users ON todos.user_id = users.id []
[SQL_LOG:2023-08-07 22:39:31]: SELECT * FROM users WHERE  id = :user_id       [5]
[SQL_LOG:2023-08-07 22:39:31]: SELECT icon_filename FROM users WHERE  id = :user_id       [5]
[SQL_LOG:2023-08-07 22:39:37]: SELECT * FROM todos WHERE  user_id = :user_id   ORDER BY id DESC     [5]
[SQL_LOG:2023-08-07 22:39:37]: SELECT icon_filename FROM users WHERE  id = :user_id   ORDER BY id DESC     [5]
[SQL_LOG:2023-08-07 23:08:12]: SELECT * FROM todos WHERE  user_id = :user_id   ORDER BY id DESC     [5]
[SQL_LOG:2023-08-07 23:08:12]: SELECT icon_filename FROM users WHERE  id = :user_id   ORDER BY id DESC     [5]
[SQL_LOG:2023-08-08 00:09:47]: SELECT * FROM todos WHERE  user_id = :user_id   ORDER BY id DESC     [5]
[SQL_LOG:2023-08-08 00:09:47]: SELECT icon_filename FROM users WHERE  id = :user_id   ORDER BY id DESC     [5]
[SQL_LOG:2023-08-08 00:10:17]: SELECT * FROM todos WHERE  user_id = :user_id   ORDER BY id DESC     [5]
[SQL_LOG:2023-08-08 00:10:17]: SELECT icon_filename FROM users WHERE  id = :user_id   ORDER BY id DESC     [5]
[SQL_LOG:2023-08-08 00:10:34]: SELECT icon_filename FROM users WHERE  id = :user_id       [5]
[SQL_LOG:2023-08-08 00:10:34]: SELECT todos.*, users.id, users.icon_filename FROM todos       INNER JOIN users ON todos.user_id = users.id []
[SQL_LOG:2023-08-08 00:11:30]: SELECT icon_filename FROM users WHERE  id = :user_id       [5]
[SQL_LOG:2023-08-08 00:11:30]: SELECT todos.*, users.id, users.icon_filename FROM todos       INNER JOIN users ON todos.user_id = users.id []
[SQL_LOG:2023-08-08 00:11:33]: SELECT * FROM todos WHERE  user_id = :user_id   ORDER BY id DESC     [5]
[SQL_LOG:2023-08-08 00:11:33]: SELECT icon_filename FROM users WHERE  id = :user_id   ORDER BY id DESC     [5]
[SQL_LOG:2023-08-09 09:20:03]: SELECT id, email, password FROM users WHERE  email = :email       [aa@mail.com]
[SQL_LOG:2023-08-09 09:20:04]: SELECT * FROM todos WHERE  user_id = :user_id   ORDER BY id DESC     [5]
[SQL_LOG:2023-08-09 09:20:04]: SELECT icon_filename FROM users WHERE  id = :user_id   ORDER BY id DESC     [5]
[SQL_LOG:2023-08-09 09:20:09]: SELECT icon_filename FROM users WHERE  id = :user_id       [5]
[SQL_LOG:2023-08-09 09:20:09]: SELECT todos.*, users.id, users.icon_filename FROM todos       INNER JOIN users ON todos.user_id = users.id []
